{
  "RSpec": {
    "coverage": {
      "/home/harry/workspace/CoderTicket/app/helpers/application_helper.rb": [
        1,
        null
      ],
      "/home/harry/workspace/CoderTicket/app/helpers/events_helper.rb": [
        1,
        1,
        0,
        null,
        null
      ],
      "/home/harry/workspace/CoderTicket/app/helpers/tickets_helper.rb": [
        1,
        null
      ],
      "/home/harry/workspace/CoderTicket/app/helpers/transactions_helper.rb": [
        1,
        null
      ],
      "/home/harry/workspace/CoderTicket/app/controllers/events_controller.rb": [
        1,
        1,
        3,
        null,
        3,
        null,
        3,
        0,
        0,
        0,
        null,
        null,
        null,
        null,
        null,
        1,
        0,
        null,
        null
      ],
      "/home/harry/workspace/CoderTicket/app/controllers/application_controller.rb": [
        1,
        null,
        null,
        1,
        null
      ],
      "/home/harry/workspace/CoderTicket/app/controllers/transactions_controller.rb": [
        1,
        1,
        0,
        null,
        null,
        1,
        0,
        null,
        0,
        0,
        0,
        0,
        null,
        0,
        0,
        0,
        0,
        null,
        0,
        0,
        0,
        null,
        null,
        null,
        0,
        0,
        0,
        0,
        0,
        0,
        null,
        0,
        null,
        null,
        null
      ],
      "/home/harry/workspace/CoderTicket/app/models/event.rb": [
        1,
        1,
        1,
        1,
        null,
        1,
        1,
        null,
        1,
        5,
        null,
        null
      ],
      "/home/harry/workspace/CoderTicket/app/models/transaction.rb": [
        1,
        null
      ],
      "/home/harry/workspace/CoderTicket/app/models/application_record.rb": [
        1,
        1,
        null
      ],
      "/home/harry/workspace/CoderTicket/app/models/category.rb": [
        1,
        1,
        1,
        null
      ],
      "/home/harry/workspace/CoderTicket/app/models/region.rb": [
        1,
        1,
        1,
        null
      ],
      "/home/harry/workspace/CoderTicket/app/models/venue.rb": [
        1,
        1,
        1,
        null
      ],
      "/home/harry/workspace/CoderTicket/app/controllers/tickets_controller.rb": [
        0,
        0,
        0,
        0,
        0
      ],
      "/home/harry/workspace/CoderTicket/app/models/ticket_type.rb": [
        0,
        0,
        0
      ]
    },
    "timestamp": 1477643479
  }
}
